INFO: 2024/11/21 12:30:12 loggerIWE.go:40: Starting the application...
INFO: 2024/11/21 12:30:12 loggerIWE.go:41: Something has occurred...
WARNING: 2024/11/21 12:30:12 loggerIWE.go:42: WARNING!!!
ERROR: 2024/11/21 12:30:12 loggerIWE.go:43: Some error has occurred...
ERROR: 2024/11/21 12:30:12 loggerIWE.go:44: Debug...
INFO: 2024/11/21 12:30:50 loggerIWE.go:40: Starting the application...
INFO: 2024/11/21 12:30:50 loggerIWE.go:41: Something has occurred...
WARNING: 2024/11/21 12:30:50 loggerIWE.go:42: WARNING!!!
ERROR: 2024/11/21 12:30:50 loggerIWE.go:43: Some error has occurred...
DEBUG: 2024/11/21 12:30:50 loggerIWE.go:44: Debug...
INFO: 2024/11/21 12:40:39 main_test.go:75: Test log to stdout
INFO: 2024/11/21 12:40:39 main_test.go:75: Test log to stdout
INFO: 2024/11/21 12:40:39 main_test.go:75: Test log to stdout
INFO: 2024/11/21 12:45:52 main_test.go:75: Test log to stdout
INFO: 2024/11/21 13:22:28 main_test.go:75: Test log to stdout
INFO: 2024/11/21 13:22:49 main_test.go:74: Test log to stdout
INFO: 2024/11/21 13:23:28 loggerIWE.go:39: Starting the application...
INFO: 2024/11/21 13:23:28 loggerIWE.go:40: Something has occurred...
WARNING: 2024/11/21 13:23:28 loggerIWE.go:41: WARNING!!!
ERROR: 2024/11/21 13:23:28 loggerIWE.go:42: Some error has occurred...
DEBUG: 2024/11/21 13:23:28 loggerIWE.go:43: Debug...
INFO: 2024/11/21 13:23:55 main_test.go:74: Test log to stdout
INFO: 2024/11/21 13:29:41 main_test.go:74: Test log to stdout
INFO: 2024/11/21 13:41:20 main_test.go:75: Test log to stdout
INFO: 2024/11/21 13:42:48 main_test.go:75: Test log to stdout
INFO: 2024/11/21 13:43:00 main_test.go:75: Test log to stdout
INFO: 2024/11/21 13:45:30 main_test.go:75: Test log to stdout
INFO: 2024/11/21 13:45:35 main_test.go:75: Test log to stdout
INFO: 2024/11/21 15:04:37 loggerIWE.go:39: Starting the application...
INFO: 2024/11/21 15:04:37 loggerIWE.go:40: Something has occurred...
WARNING: 2024/11/21 15:04:37 loggerIWE.go:41: WARNING!!!
ERROR: 2024/11/21 15:04:37 loggerIWE.go:42: Some error has occurred...
DEBUG: 2024/11/21 15:04:37 loggerIWE.go:43: Debug...
INFO: 2024/11/21 15:13:29 main_test.go:28: Test Info
WARNING: 2024/11/21 15:13:29 main_test.go:29: Test Warning
ERROR: 2024/11/21 15:13:29 main_test.go:30: Test Error
DEBUG: 2024/11/21 15:13:29 main_test.go:31: Test Debug
INFO: 2024/11/21 15:25:39 loggerIWE.go:39: Starting the application...
WARNING: 2024/11/21 15:25:39 loggerIWE.go:40: WARNING!!!
ERROR: 2024/11/21 15:25:39 loggerIWE.go:41: Some error has occurred...
DEBUG: 2024/11/21 15:25:39 loggerIWE.go:42: Debug...
